#
# A fatal error has been detected by the Java Runtime Environment:
#
#  Internal Error (synchronizer.cpp:1430), pid=14392, tid=140394591262464
#  guarantee(mid->header()->is_neutral()) failed: invariant
#
# JRE version: OpenJDK Runtime Environment (8.0_25-b18) (build 1.8.0_25-b18)
# Java VM: OpenJDK 64-Bit Server VM (25.25-b02 mixed mode linux-amd64 compressed oops)
# Failed to write core dump. Core dumps have been disabled. To enable core dumping, try "ulimit -c unlimited" before starting Java again
#
# If you would like to submit a bug report, please visit:
#   http://bugreport.sun.com/bugreport/crash.jsp
#

---------------  T H R E A D  ---------------

Current thread (0x00007fb048071800):  VMThread [stack: 0x00007fb029ad9000,0x00007fb029bda000] [id=14398]

Stack: [0x00007fb029ad9000,0x00007fb029bda000],  sp=0x00007fb029bd8a00,  free space=1022k
Native frames: (J=compiled Java code, j=interpreted, Vv=VM code, C=native code)
V  [libjvm.so+0xa4ee87]
V  [libjvm.so+0x4d46c5]
V  [libjvm.so+0x9bd7af]
V  [libjvm.so+0x94415e]
V  [libjvm.so+0x944b14]
V  [libjvm.so+0xa53fb8]
V  [libjvm.so+0xa54501]
V  [libjvm.so+0x8a6a72]

VM_Operation (0x00007fafdfbf9980): RevokeBias, mode: safepoint, requested by thread 0x00007fafe4008000


---------------  P R O C E S S  ---------------

Java Threads: ( => current thread )
  0x00007fafe4008000 JavaThread "event listener notification" daemon [_thread_blocked, id=14448, stack(0x00007fafdfafb000,0x00007fafdfbfc000)]
  0x00007fafec050000 JavaThread "RMI Scheduler(0)" daemon [_thread_blocked, id=14446, stack(0x00007fafdfbfc000,0x00007fafdfcfd000)]
  0x00007fafe8057800 JavaThread "GC Daemon" daemon [_thread_blocked, id=14445, stack(0x00007fafdfcfd000,0x00007fafdfdfe000)]
  0x00007fafe8055800 JavaThread "RMI RenewClean-[192.168.2.4:38601]" daemon [_thread_blocked, id=14444, stack(0x00007fafdfdfe000,0x00007fafdfeff000)]
  0x00007faff8008800 JavaThread "task" daemon [_thread_blocked, id=14443, stack(0x00007fafdfeff000,0x00007fafe0000000)]
  0x00007faff8006800 JavaThread "task" daemon [_thread_blocked, id=14435, stack(0x00007fb0280fa000,0x00007fb0281fb000)]
  0x00007faff8011800 JavaThread "task" daemon [_thread_blocked, id=14432, stack(0x00007fb0281fb000,0x00007fb0282fc000)]
  0x00007faff8010000 JavaThread "task" daemon [_thread_blocked, id=14430, stack(0x00007fb0282fc000,0x00007fb0283fd000)]
  0x00007faff8001800 JavaThread "task" daemon [_thread_blocked, id=14420, stack(0x00007fb02860e000,0x00007fb02870f000)]
  0x00007fb048107800 JavaThread "multicast announcement timer" daemon [_thread_blocked, id=14417, stack(0x00007fb02870f000,0x00007fb028810000)]
  0x00007fb048106000 JavaThread "multicast discovery announcement listener" daemon [_thread_in_native, id=14416, stack(0x00007fb028810000,0x00007fb028911000)]
  0x00007fb0481e1800 JavaThread "multicast discovery request" daemon [_thread_blocked, id=14415, stack(0x00007fb028911000,0x00007fb028a12000)]
  0x00007fb0481e6000 JavaThread "multicast discovery response listener" daemon [_thread_in_native, id=14414, stack(0x00007fb028a12000,0x00007fb028b13000)]
  0x00007fb0480c7800 JavaThread "Service Thread" daemon [_thread_blocked, id=14405, stack(0x00007fb029248000,0x00007fb029349000)]
  0x00007fb0480b1800 JavaThread "C1 CompilerThread2" daemon [_thread_blocked, id=14404, stack(0x00007fb029349000,0x00007fb02944a000)]
  0x00007fb0480b0000 JavaThread "C2 CompilerThread1" daemon [_thread_blocked, id=14403, stack(0x00007fb02944a000,0x00007fb02954b000)]
  0x00007fb0480ad000 JavaThread "C2 CompilerThread0" daemon [_thread_blocked, id=14402, stack(0x00007fb02954b000,0x00007fb02964c000)]
  0x00007fb0480ab000 JavaThread "Signal Dispatcher" daemon [_thread_blocked, id=14401, stack(0x00007fb02964c000,0x00007fb02974d000)]
  0x00007fb04807a800 JavaThread "Finalizer" daemon [_thread_blocked, id=14400, stack(0x00007fb0298d7000,0x00007fb0299d8000)]
  0x00007fb048078800 JavaThread "Reference Handler" daemon [_thread_blocked, id=14399, stack(0x00007fb0299d8000,0x00007fb029ad9000)]
  0x00007fb048008800 JavaThread "main" [_thread_blocked, id=14393, stack(0x00007fb04fb1e000,0x00007fb04fc1f000)]

Other Threads:
=>0x00007fb048071800 VMThread [stack: 0x00007fb029ad9000,0x00007fb029bda000] [id=14398]
  0x00007fb0480ca000 WatcherThread [stack: 0x00007fb029147000,0x00007fb029248000] [id=14406]

VM state:at safepoint (normal execution)

VM Mutex/Monitor currently owned by a thread:  ([mutex/lock_event])
[0x00007fb048006170] Safepoint_lock - owner thread: 0x00007fb048071800
[0x00007fb0480061f0] Threads_lock - owner thread: 0x00007fb048071800

Heap:
 PSYoungGen      total 18432K, used 1831K [0x00000000ebf00000, 0x00000000ed380000, 0x0000000100000000)
  eden space 15872K, 11% used [0x00000000ebf00000,0x00000000ec0c9f78,0x00000000ece80000)
  from space 2560K, 0% used [0x00000000ed100000,0x00000000ed100000,0x00000000ed380000)
  to   space 2560K, 0% used [0x00000000ece80000,0x00000000ece80000,0x00000000ed100000)
 ParOldGen       total 42496K, used 1481K [0x00000000c3c00000, 0x00000000c6580000, 0x00000000ebf00000)
  object space 42496K, 3% used [0x00000000c3c00000,0x00000000c3d72420,0x00000000c6580000)
 Metaspace       used 7209K, capacity 7426K, committed 7680K, reserved 1056768K
  class space    used 854K, capacity 904K, committed 1024K, reserved 1048576K

Card table byte_map: [0x00007fb04cc07000,0x00007fb04cdea000] byte_map_base: 0x00007fb04c5e9000

Marking Bits: (ParMarkBitMap*) 0x00007fb04ee39780
 Begin Bits: [0x00007fb02a1e0000, 0x00007fb02b0f0000)
 End Bits:   [0x00007fb02b0f0000, 0x00007fb02c000000)

Polling page: 0x00007fb04fc6b000

CodeCache: size=245760Kb used=2494Kb max_used=2538Kb free=243265Kb
 bounds [0x00007fb039000000, 0x00007fb039280000, 0x00007fb048000000]
 total_blobs=813 nmethods=509 adapters=219
 compilation: enabled

Compilation events (10 events):
Event: 42.393 Thread 0x00007fb0480b1800  526       1       java.net.InetAddress$InetAddressHolder::getAddress (5 bytes)
Event: 42.393 Thread 0x00007fb0480b1800 nmethod 526 0x00007fb039101490 code [0x00007fb0391015e0, 0x00007fb0391016f0]
Event: 42.396 Thread 0x00007fb0480b1800  528       3       java.security.CodeSource::hashCode (17 bytes)
Event: 42.396 Thread 0x00007fb0480b1800 nmethod 528 0x00007fb039119790 code [0x00007fb039119920, 0x00007fb039119e88]
Event: 42.396 Thread 0x00007fb0480b1800  529       3       java.lang.Thread::interrupted (8 bytes)
Event: 42.397 Thread 0x00007fb0480b1800 nmethod 529 0x00007fb0390ffb10 code [0x00007fb0390ffc80, 0x00007fb0390ffe08]
Event: 42.397 Thread 0x00007fb0480b1800  530       3       sun.misc.PerfCounter::addElapsedTimeFrom (10 bytes)
Event: 42.397 Thread 0x00007fb0480b1800 nmethod 530 0x00007fb03911b7d0 code [0x00007fb03911b980, 0x00007fb03911c0b8]
Event: 42.399 Thread 0x00007fb0480b1800  531       3       sun.reflect.misc.ReflectUtil::isNonPublicProxyClass (51 bytes)
Event: 42.401 Thread 0x00007fb0480b1800 nmethod 531 0x00007fb039121890 code [0x00007fb039121ac0, 0x00007fb039122798]

GC Heap History (6 events):
Event: 21.644 GC heap before
{Heap before GC invocations=1 (full 0):
 PSYoungGen      total 18432K, used 15872K [0x00000000ebf00000, 0x00000000ed380000, 0x0000000100000000)
  eden space 15872K, 100% used [0x00000000ebf00000,0x00000000ece80000,0x00000000ece80000)
  from space 2560K, 0% used [0x00000000ed100000,0x00000000ed100000,0x00000000ed380000)
  to   space 2560K, 0% used [0x00000000ece80000,0x00000000ece80000,0x00000000ed100000)
 ParOldGen       total 42496K, used 0K [0x00000000c3c00000, 0x00000000c6580000, 0x00000000ebf00000)
  object space 42496K, 0% used [0x00000000c3c00000,0x00000000c3c00000,0x00000000c6580000)
 Metaspace       used 5473K, capacity 5614K, committed 5760K, reserved 1056768K
  class space    used 614K, capacity 630K, committed 640K, reserved 1048576K
Event: 21.651 GC heap after
Heap after GC invocations=1 (full 0):
 PSYoungGen      total 18432K, used 1738K [0x00000000ebf00000, 0x00000000ed380000, 0x0000000100000000)
  eden space 15872K, 0% used [0x00000000ebf00000,0x00000000ebf00000,0x00000000ece80000)
  from space 2560K, 67% used [0x00000000ece80000,0x00000000ed032820,0x00000000ed100000)
  to   space 2560K, 0% used [0x00000000ed100000,0x00000000ed100000,0x00000000ed380000)
 ParOldGen       total 42496K, used 8K [0x00000000c3c00000, 0x00000000c6580000, 0x00000000ebf00000)
  object space 42496K, 0% used [0x00000000c3c00000,0x00000000c3c02000,0x00000000c6580000)
 Metaspace       used 5473K, capacity 5614K, committed 5760K, reserved 1056768K
  class space    used 614K, capacity 630K, committed 640K, reserved 1048576K
}
Event: 42.258 GC heap before
{Heap before GC invocations=2 (full 0):
 PSYoungGen      total 18432K, used 8532K [0x00000000ebf00000, 0x00000000ed380000, 0x0000000100000000)
  eden space 15872K, 42% used [0x00000000ebf00000,0x00000000ec5a2b18,0x00000000ece80000)
  from space 2560K, 67% used [0x00000000ece80000,0x00000000ed032820,0x00000000ed100000)
  to   space 2560K, 0% used [0x00000000ed100000,0x00000000ed100000,0x00000000ed380000)
 ParOldGen       total 42496K, used 8K [0x00000000c3c00000, 0x00000000c6580000, 0x00000000ebf00000)
  object space 42496K, 0% used [0x00000000c3c00000,0x00000000c3c02000,0x00000000c6580000)
 Metaspace       used 6945K, capacity 7178K, committed 7296K, reserved 1056768K
  class space    used 812K, capacity 868K, committed 896K, reserved 1048576K
Event: 42.264 GC heap after
Heap after GC invocations=2 (full 0):
 PSYoungGen      total 18432K, used 1523K [0x00000000ebf00000, 0x00000000ed380000, 0x0000000100000000)
  eden space 15872K, 0% used [0x00000000ebf00000,0x00000000ebf00000,0x00000000ece80000)
  from space 2560K, 59% used [0x00000000ed100000,0x00000000ed27cc40,0x00000000ed380000)
  to   space 2560K, 0% used [0x00000000ece80000,0x00000000ece80000,0x00000000ed100000)
 ParOldGen       total 42496K, used 16K [0x00000000c3c00000, 0x00000000c6580000, 0x00000000ebf00000)
  object space 42496K, 0% used [0x00000000c3c00000,0x00000000c3c04000,0x00000000c6580000)
 Metaspace       used 6945K, capacity 7178K, committed 7296K, reserved 1056768K
  class space    used 812K, capacity 868K, committed 896K, reserved 1048576K
}
Event: 42.264 GC heap before
{Heap before GC invocations=3 (full 1):
 PSYoungGen      total 18432K, used 1523K [0x00000000ebf00000, 0x00000000ed380000, 0x0000000100000000)
  eden space 15872K, 0% used [0x00000000ebf00000,0x00000000ebf00000,0x00000000ece80000)
  from space 2560K, 59% used [0x00000000ed100000,0x00000000ed27cc40,0x00000000ed380000)
  to   space 2560K, 0% used [0x00000000ece80000,0x00000000ece80000,0x00000000ed100000)
 ParOldGen       total 42496K, used 16K [0x00000000c3c00000, 0x00000000c6580000, 0x00000000ebf00000)
  object space 42496K, 0% used [0x00000000c3c00000,0x00000000c3c04000,0x00000000c6580000)
 Metaspace       used 6945K, capacity 7178K, committed 7296K, reserved 1056768K
  class space    used 812K, capacity 868K, committed 896K, reserved 1048576K
Event: 42.289 GC heap after
Heap after GC invocations=3 (full 1):
 PSYoungGen      total 18432K, used 0K [0x00000000ebf00000, 0x00000000ed380000, 0x0000000100000000)
  eden space 15872K, 0% used [0x00000000ebf00000,0x00000000ebf00000,0x00000000ece80000)
  from space 2560K, 0% used [0x00000000ed100000,0x00000000ed100000,0x00000000ed380000)
  to   space 2560K, 0% used [0x00000000ece80000,0x00000000ece80000,0x00000000ed100000)
 ParOldGen       total 42496K, used 1481K [0x00000000c3c00000, 0x00000000c6580000, 0x00000000ebf00000)
  object space 42496K, 3% used [0x00000000c3c00000,0x00000000c3d72420,0x00000000c6580000)
 Metaspace       used 6945K, capacity 7178K, committed 7296K, reserved 1056768K
  class space    used 812K, capacity 868K, committed 896K, reserved 1048576K
}

Deoptimization events (5 events):
Event: 1.156 Thread 0x00007fb048008800 Uncommon trap: reason=class_check action=maybe_recompile pc=0x00007fb0391e6078 method=java.util.HashMap.getNode(ILjava/lang/Object;)Ljava/util/HashMap$Node; @ 126
Event: 1.156 Thread 0x00007fb048008800 Uncommon trap: reason=class_check action=maybe_recompile pc=0x00007fb0391e6078 method=java.util.HashMap.getNode(ILjava/lang/Object;)Ljava/util/HashMap$Node; @ 126
Event: 1.156 Thread 0x00007fb048008800 Uncommon trap: reason=class_check action=maybe_recompile pc=0x00007fb0391e6078 method=java.util.HashMap.getNode(ILjava/lang/Object;)Ljava/util/HashMap$Node; @ 126
Event: 1.156 Thread 0x00007fb048008800 Uncommon trap: reason=class_check action=maybe_recompile pc=0x00007fb0391e6078 method=java.util.HashMap.getNode(ILjava/lang/Object;)Ljava/util/HashMap$Node; @ 126
Event: 21.580 Thread 0x00007fb048106000 Uncommon trap: reason=unreached action=reinterpret pc=0x00007fb039214fcc method=java.lang.ThreadLocal.get()Ljava/lang/Object; @ 11

Internal exceptions (10 events):
Event: 42.307 Thread 0x00007faff8006800 Exception <a 'java/security/PrivilegedActionException'> (0x00000000ebf42b48) thrown at [/build/java8-openjdk/src/jdk8u-jdk8u25-b18/hotspot/src/share/vm/prims/jvm.cpp, line 1312]
Event: 42.319 Thread 0x00007faff8006800 Exception <a 'java/security/PrivilegedActionException'> (0x00000000ebfb7100) thrown at [/build/java8-openjdk/src/jdk8u-jdk8u25-b18/hotspot/src/share/vm/prims/jvm.cpp, line 1312]
Event: 42.333 Thread 0x00007faff8006800 Exception <a 'java/security/PrivilegedActionException'> (0x00000000ebfc6d28) thrown at [/build/java8-openjdk/src/jdk8u-jdk8u25-b18/hotspot/src/share/vm/prims/jvm.cpp, line 1312]
Event: 42.343 Thread 0x00007faff8006800 Exception <a 'java/security/PrivilegedActionException'> (0x00000000ebfd5520) thrown at [/build/java8-openjdk/src/jdk8u-jdk8u25-b18/hotspot/src/share/vm/prims/jvm.cpp, line 1312]
Event: 42.352 Thread 0x00007faff8006800 Exception <a 'java/security/PrivilegedActionException'> (0x00000000ebff7858) thrown at [/build/java8-openjdk/src/jdk8u-jdk8u25-b18/hotspot/src/share/vm/prims/jvm.cpp, line 1312]
Event: 42.357 Thread 0x00007fafe8055800 Exception <a 'java/lang/InterruptedException'> (0x00000000ec011e90) thrown at [/build/java8-openjdk/src/jdk8u-jdk8u25-b18/hotspot/src/share/vm/runtime/objectMonitor.cpp, line 1682]
Event: 42.365 Thread 0x00007fafe4008000 Exception <a 'java/security/PrivilegedActionException'> (0x00000000ec03c250) thrown at [/build/java8-openjdk/src/jdk8u-jdk8u25-b18/hotspot/src/share/vm/prims/jvm.cpp, line 1312]
Event: 42.372 Thread 0x00007faff8008800 Exception <a 'java/security/PrivilegedActionException'> (0x00000000ec04aea8) thrown at [/build/java8-openjdk/src/jdk8u-jdk8u25-b18/hotspot/src/share/vm/prims/jvm.cpp, line 1312]
Event: 42.382 Thread 0x00007faff8008800 Exception <a 'java/security/PrivilegedActionException'> (0x00000000ec058908) thrown at [/build/java8-openjdk/src/jdk8u-jdk8u25-b18/hotspot/src/share/vm/prims/jvm.cpp, line 1312]
Event: 42.390 Thread 0x00007faff8008800 Exception <a 'java/security/PrivilegedActionException'> (0x00000000ec078a80) thrown at [/build/java8-openjdk/src/jdk8u-jdk8u25-b18/hotspot/src/share/vm/prims/jvm.cpp, line 1312]

Events (10 events):
Event: 42.402 Executing VM operation: RevokeBias done
Event: 42.403 Executing VM operation: RevokeBias
Event: 42.403 Executing VM operation: RevokeBias done
Event: 42.403 Executing VM operation: RevokeBias
Event: 42.403 Executing VM operation: RevokeBias done
Event: 42.403 Executing VM operation: RevokeBias
Event: 42.403 Executing VM operation: RevokeBias done
Event: 42.403 Executing VM operation: RevokeBias
Event: 42.403 Executing VM operation: RevokeBias done
Event: 42.403 Executing VM operation: RevokeBias


Dynamic libraries:
00400000-00401000 r-xp 00000000 08:06 2009113                            /usr/lib/jvm/java-8-openjdk/jre/bin/java
00600000-00601000 rw-p 00000000 08:06 2009113                            /usr/lib/jvm/java-8-openjdk/jre/bin/java
01bdf000-01c00000 rw-p 00000000 00:00 0                                  [heap]
c3c00000-c6580000 rw-p 00000000 00:00 0 
c6580000-ebf00000 ---p 00000000 00:00 0 
ebf00000-ed380000 rw-p 00000000 00:00 0 
ed380000-100000000 ---p 00000000 00:00 0 
100000000-100100000 rw-p 00000000 00:00 0 
100100000-140000000 ---p 00000000 00:00 0 
7fafc8000000-7fafc8021000 rw-p 00000000 00:00 0 
7fafc8021000-7fafcc000000 ---p 00000000 00:00 0 
7fafcc000000-7fafcc021000 rw-p 00000000 00:00 0 
7fafcc021000-7fafd0000000 ---p 00000000 00:00 0 
7fafd0000000-7fafd0021000 rw-p 00000000 00:00 0 
7fafd0021000-7fafd4000000 ---p 00000000 00:00 0 
7fafd4000000-7fafd4021000 rw-p 00000000 00:00 0 
7fafd4021000-7fafd8000000 ---p 00000000 00:00 0 
7fafd8000000-7fafd8021000 rw-p 00000000 00:00 0 
7fafd8021000-7fafdc000000 ---p 00000000 00:00 0 
7fafdfafb000-7fafdfafe000 ---p 00000000 00:00 0 
7fafdfafe000-7fafdfbfc000 rw-p 00000000 00:00 0                          [stack:14448]
7fafdfbfc000-7fafdfbff000 ---p 00000000 00:00 0 
7fafdfbff000-7fafdfcfd000 rw-p 00000000 00:00 0                          [stack:14446]
7fafdfcfd000-7fafdfd00000 ---p 00000000 00:00 0 
7fafdfd00000-7fafdfdfe000 rw-p 00000000 00:00 0                          [stack:14445]
7fafdfdfe000-7fafdfe01000 ---p 00000000 00:00 0 
7fafdfe01000-7fafdfeff000 rw-p 00000000 00:00 0                          [stack:14444]
7fafdfeff000-7fafdff02000 ---p 00000000 00:00 0 
7fafdff02000-7fafe0000000 rw-p 00000000 00:00 0                          [stack:14443]
7fafe0000000-7fafe0021000 rw-p 00000000 00:00 0 
7fafe0021000-7fafe4000000 ---p 00000000 00:00 0 
7fafe4000000-7fafe4021000 rw-p 00000000 00:00 0 
7fafe4021000-7fafe8000000 ---p 00000000 00:00 0 
7fafe8000000-7fafe8083000 rw-p 00000000 00:00 0 
7fafe8083000-7fafec000000 ---p 00000000 00:00 0 
7fafec000000-7fafec052000 rw-p 00000000 00:00 0 
7fafec052000-7faff0000000 ---p 00000000 00:00 0 
7faff0000000-7faff0021000 rw-p 00000000 00:00 0 
7faff0021000-7faff4000000 ---p 00000000 00:00 0 
7faff4000000-7faff4021000 rw-p 00000000 00:00 0 
7faff4021000-7faff8000000 ---p 00000000 00:00 0 
7faff8000000-7faff8021000 rw-p 00000000 00:00 0 
7faff8021000-7faffc000000 ---p 00000000 00:00 0 
7faffc000000-7faffc021000 rw-p 00000000 00:00 0 
7faffc021000-7fb000000000 ---p 00000000 00:00 0 
7fb000000000-7fb000021000 rw-p 00000000 00:00 0 
7fb000021000-7fb004000000 ---p 00000000 00:00 0 
7fb004000000-7fb004021000 rw-p 00000000 00:00 0 
7fb004021000-7fb008000000 ---p 00000000 00:00 0 
7fb008000000-7fb00822d000 rw-p 00000000 00:00 0 
7fb00822d000-7fb00c000000 ---p 00000000 00:00 0 
7fb00c000000-7fb00c201000 rw-p 00000000 00:00 0 
7fb00c201000-7fb010000000 ---p 00000000 00:00 0 
7fb010000000-7fb010021000 rw-p 00000000 00:00 0 
7fb010021000-7fb014000000 ---p 00000000 00:00 0 
7fb014000000-7fb014154000 rw-p 00000000 00:00 0 
7fb014154000-7fb018000000 ---p 00000000 00:00 0 
7fb018000000-7fb018021000 rw-p 00000000 00:00 0 
7fb018021000-7fb01c000000 ---p 00000000 00:00 0 
7fb01c000000-7fb01c021000 rw-p 00000000 00:00 0 
7fb01c021000-7fb020000000 ---p 00000000 00:00 0 
7fb020000000-7fb020027000 rw-p 00000000 00:00 0 
7fb020027000-7fb024000000 ---p 00000000 00:00 0 
7fb024000000-7fb024021000 rw-p 00000000 00:00 0 
7fb024021000-7fb028000000 ---p 00000000 00:00 0 
7fb0280fa000-7fb0280fd000 ---p 00000000 00:00 0 
7fb0280fd000-7fb0281fb000 rw-p 00000000 00:00 0                          [stack:14435]
7fb0281fb000-7fb0281fe000 ---p 00000000 00:00 0 
7fb0281fe000-7fb0282fc000 rw-p 00000000 00:00 0                          [stack:14432]
7fb0282fc000-7fb0282ff000 ---p 00000000 00:00 0 
7fb0282ff000-7fb0283fd000 rw-p 00000000 00:00 0                          [stack:14430]
7fb0283fd000-7fb02840e000 r-xp 00000000 08:06 2009096                    /usr/lib/jvm/java-8-openjdk/jre/lib/amd64/libnio.so
7fb02840e000-7fb02860d000 ---p 00011000 08:06 2009096                    /usr/lib/jvm/java-8-openjdk/jre/lib/amd64/libnio.so
7fb02860d000-7fb02860e000 rw-p 00010000 08:06 2009096                    /usr/lib/jvm/java-8-openjdk/jre/lib/amd64/libnio.so
7fb02860e000-7fb028611000 ---p 00000000 00:00 0 
7fb028611000-7fb02870f000 rw-p 00000000 00:00 0                          [stack:14420]
7fb02870f000-7fb028712000 ---p 00000000 00:00 0 
7fb028712000-7fb028810000 rw-p 00000000 00:00 0                          [stack:14417]
7fb028810000-7fb028813000 ---p 00000000 00:00 0 
7fb028813000-7fb028911000 rw-p 00000000 00:00 0                          [stack:14416]
7fb028911000-7fb028914000 ---p 00000000 00:00 0 
7fb028914000-7fb028a12000 rw-p 00000000 00:00 0                          [stack:14415]
7fb028a12000-7fb028a15000 ---p 00000000 00:00 0 
7fb028a15000-7fb028b13000 rw-p 00000000 00:00 0                          [stack:14414]
7fb028b13000-7fb028b27000 r-xp 00000000 08:06 2001985                    /usr/lib/libresolv-2.20.so
7fb028b27000-7fb028d26000 ---p 00014000 08:06 2001985                    /usr/lib/libresolv-2.20.so
7fb028d26000-7fb028d27000 r--p 00013000 08:06 2001985                    /usr/lib/libresolv-2.20.so
7fb028d27000-7fb028d28000 rw-p 00014000 08:06 2001985                    /usr/lib/libresolv-2.20.so
7fb028d28000-7fb028d2a000 rw-p 00000000 00:00 0 
7fb028d2a000-7fb028d2f000 r-xp 00000000 08:06 2002063                    /usr/lib/libnss_dns-2.20.so
7fb028d2f000-7fb028f2e000 ---p 00005000 08:06 2002063                    /usr/lib/libnss_dns-2.20.so
7fb028f2e000-7fb028f2f000 r--p 00004000 08:06 2002063                    /usr/lib/libnss_dns-2.20.so
7fb028f2f000-7fb028f30000 rw-p 00005000 08:06 2002063                    /usr/lib/libnss_dns-2.20.so
7fb028f30000-7fb028f46000 r-xp 00000000 08:06 2009082                    /usr/lib/jvm/java-8-openjdk/jre/lib/amd64/libnet.so
7fb028f46000-7fb029146000 ---p 00016000 08:06 2009082                    /usr/lib/jvm/java-8-openjdk/jre/lib/amd64/libnet.so
7fb029146000-7fb029147000 rw-p 00016000 08:06 2009082                    /usr/lib/jvm/java-8-openjdk/jre/lib/amd64/libnet.so
7fb029147000-7fb029148000 ---p 00000000 00:00 0 
7fb029148000-7fb029248000 rw-p 00000000 00:00 0                          [stack:14406]
7fb029248000-7fb02924b000 ---p 00000000 00:00 0 
7fb02924b000-7fb029349000 rw-p 00000000 00:00 0                          [stack:14405]
7fb029349000-7fb02934c000 ---p 00000000 00:00 0 
7fb02934c000-7fb02944a000 rw-p 00000000 00:00 0                          [stack:14404]
7fb02944a000-7fb02944d000 ---p 00000000 00:00 0 
7fb02944d000-7fb02954b000 rw-p 00000000 00:00 0                          [stack:14403]
7fb02954b000-7fb02954e000 ---p 00000000 00:00 0 
7fb02954e000-7fb02964c000 rw-p 00000000 00:00 0                          [stack:14402]
7fb02964c000-7fb02964f000 ---p 00000000 00:00 0 
7fb02964f000-7fb02974d000 rw-p 00000000 00:00 0                          [stack:14401]
7fb02974d000-7fb0298d7000 r--p 00000000 08:06 2271130                    /usr/lib/locale/locale-archive
7fb0298d7000-7fb0298da000 ---p 00000000 00:00 0 
7fb0298da000-7fb0299d8000 rw-p 00000000 00:00 0                          [stack:14400]
7fb0299d8000-7fb0299db000 ---p 00000000 00:00 0 
7fb0299db000-7fb029ad9000 rw-p 00000000 00:00 0                          [stack:14399]
7fb029ad9000-7fb029ada000 ---p 00000000 00:00 0 
7fb029ada000-7fb02c000000 rw-p 00000000 00:00 0                          [stack:14398]
7fb02c000000-7fb02c021000 rw-p 00000000 00:00 0 
7fb02c021000-7fb030000000 ---p 00000000 00:00 0 
7fb030000000-7fb030021000 rw-p 00000000 00:00 0 
7fb030021000-7fb034000000 ---p 00000000 00:00 0 
7fb034000000-7fb034021000 rw-p 00000000 00:00 0 
7fb034021000-7fb038000000 ---p 00000000 00:00 0 
7fb038072000-7fb03807b000 r-xp 00000000 08:06 1994735                    /usr/lib/libnss_myhostname.so.2
7fb03807b000-7fb03807d000 r--p 00008000 08:06 1994735                    /usr/lib/libnss_myhostname.so.2
7fb03807d000-7fb03807e000 rw-p 0000a000 08:06 1994735                    /usr/lib/libnss_myhostname.so.2
7fb0380a1000-7fb0380bd000 r--s 00393000 08:06 2009041                    /usr/lib/jvm/java-8-openjdk/jre/lib/ext/cldrdata.jar
7fb0380bd000-7fb0380c7000 r--s 00116000 08:06 2009040                    /usr/lib/jvm/java-8-openjdk/jre/lib/ext/localedata.jar
7fb0380c7000-7fb0380cb000 r--s 00093000 08:06 2009021                    /usr/lib/jvm/java-8-openjdk/jre/lib/jsse.jar
7fb0380cb000-7fb0380d8000 r--s 00075000 08:06 271762                     /home/dell/Programs/lib/xstream-1.4.7.jar
7fb0380d8000-7fb038e80000 rw-p 00000000 00:00 0 
7fb038e80000-7fb039000000 ---p 00000000 00:00 0 
7fb039000000-7fb039280000 rwxp 00000000 00:00 0 
7fb039280000-7fb048000000 ---p 00000000 00:00 0 
7fb048000000-7fb04821e000 rw-p 00000000 00:00 0 
7fb04821e000-7fb04c000000 ---p 00000000 00:00 0 
7fb04c000000-7fb04c002000 r--s 0000d000 00:1d 168401                     /tmp/jar_cache898263736532086741.tmp (deleted)
7fb04c002000-7fb04c004000 r--s 00005000 08:06 271765                     /home/dell/Programs/lib/xpp3_min-1.1.4c.jar
7fb04c004000-7fb04c016000 r--s 000e1000 08:06 131470                     /home/dell/jini_examples/lib/jsk-platform.jar
7fb04c016000-7fb04c29c000 rw-p 00000000 00:00 0 
7fb04c29c000-7fb04c469000 r--s 03bb4000 08:06 2009020                    /usr/lib/jvm/java-8-openjdk/jre/lib/rt.jar
7fb04c469000-7fb04c6c1000 rw-p 00000000 00:00 0 
7fb04c6c1000-7fb04c6c2000 ---p 00000000 00:00 0 
7fb04c6c2000-7fb04c7c2000 rw-p 00000000 00:00 0                          [stack:14397]
7fb04c7c2000-7fb04c7c3000 ---p 00000000 00:00 0 
7fb04c7c3000-7fb04c8c3000 rw-p 00000000 00:00 0                          [stack:14396]
7fb04c8c3000-7fb04c8c4000 ---p 00000000 00:00 0 
7fb04c8c4000-7fb04c9c4000 rw-p 00000000 00:00 0                          [stack:14395]
7fb04c9c4000-7fb04c9c5000 ---p 00000000 00:00 0 
7fb04c9c5000-7fb04cada000 rw-p 00000000 00:00 0                          [stack:14394]
7fb04cada000-7fb04cc07000 ---p 00000000 00:00 0 
7fb04cc07000-7fb04cc1c000 rw-p 00000000 00:00 0 
7fb04cc1c000-7fb04cd48000 ---p 00000000 00:00 0 
7fb04cd48000-7fb04cd53000 rw-p 00000000 00:00 0 
7fb04cd53000-7fb04cde9000 ---p 00000000 00:00 0 
7fb04cde9000-7fb04cdf4000 rw-p 00000000 00:00 0 
7fb04cdf4000-7fb04d1aa000 ---p 00000000 00:00 0 
7fb04d1aa000-7fb04d1b2000 r-xp 00000000 08:06 2009084                    /usr/lib/jvm/java-8-openjdk/jre/lib/amd64/libzip.so
7fb04d1b2000-7fb04d3b1000 ---p 00008000 08:06 2009084                    /usr/lib/jvm/java-8-openjdk/jre/lib/amd64/libzip.so
7fb04d3b1000-7fb04d3b2000 rw-p 00007000 08:06 2009084                    /usr/lib/jvm/java-8-openjdk/jre/lib/amd64/libzip.so
7fb04d3b2000-7fb04d3bd000 r-xp 00000000 08:06 2002020                    /usr/lib/libnss_files-2.20.so
7fb04d3bd000-7fb04d5bd000 ---p 0000b000 08:06 2002020                    /usr/lib/libnss_files-2.20.so
7fb04d5bd000-7fb04d5be000 r--p 0000b000 08:06 2002020                    /usr/lib/libnss_files-2.20.so
7fb04d5be000-7fb04d5bf000 rw-p 0000c000 08:06 2002020                    /usr/lib/libnss_files-2.20.so
7fb04d5bf000-7fb04d5ec000 r-xp 00000000 08:06 2009081                    /usr/lib/jvm/java-8-openjdk/jre/lib/amd64/libjava.so
7fb04d5ec000-7fb04d7eb000 ---p 0002d000 08:06 2009081                    /usr/lib/jvm/java-8-openjdk/jre/lib/amd64/libjava.so
7fb04d7eb000-7fb04d7ed000 rw-p 0002c000 08:06 2009081                    /usr/lib/jvm/java-8-openjdk/jre/lib/amd64/libjava.so
7fb04d7ed000-7fb04d7fa000 r-xp 00000000 08:06 2009073                    /usr/lib/jvm/java-8-openjdk/jre/lib/amd64/libverify.so
7fb04d7fa000-7fb04d9f9000 ---p 0000d000 08:06 2009073                    /usr/lib/jvm/java-8-openjdk/jre/lib/amd64/libverify.so
7fb04d9f9000-7fb04d9fb000 rw-p 0000c000 08:06 2009073                    /usr/lib/jvm/java-8-openjdk/jre/lib/amd64/libverify.so
7fb04d9fb000-7fb04da02000 r-xp 00000000 08:06 2004041                    /usr/lib/librt-2.20.so
7fb04da02000-7fb04dc01000 ---p 00007000 08:06 2004041                    /usr/lib/librt-2.20.so
7fb04dc01000-7fb04dc02000 r--p 00006000 08:06 2004041                    /usr/lib/librt-2.20.so
7fb04dc02000-7fb04dc03000 rw-p 00007000 08:06 2004041                    /usr/lib/librt-2.20.so
7fb04dc03000-7fb04dd06000 r-xp 00000000 08:06 2003515                    /usr/lib/libm-2.20.so
7fb04dd06000-7fb04df06000 ---p 00103000 08:06 2003515                    /usr/lib/libm-2.20.so
7fb04df06000-7fb04df07000 r--p 00103000 08:06 2003515                    /usr/lib/libm-2.20.so
7fb04df07000-7fb04df08000 rw-p 00104000 08:06 2003515                    /usr/lib/libm-2.20.so
7fb04df08000-7fb04eb5b000 r-xp 00000000 08:06 2009105                    /usr/lib/jvm/java-8-openjdk/jre/lib/amd64/server/libjvm.so
7fb04eb5b000-7fb04ed5b000 ---p 00c53000 08:06 2009105                    /usr/lib/jvm/java-8-openjdk/jre/lib/amd64/server/libjvm.so
7fb04ed5b000-7fb04ee27000 rw-p 00c53000 08:06 2009105                    /usr/lib/jvm/java-8-openjdk/jre/lib/amd64/server/libjvm.so
7fb04ee27000-7fb04ee66000 rw-p 00000000 00:00 0 
7fb04ee66000-7fb04efff000 r-xp 00000000 08:06 2003535                    /usr/lib/libc-2.20.so
7fb04efff000-7fb04f1ff000 ---p 00199000 08:06 2003535                    /usr/lib/libc-2.20.so
7fb04f1ff000-7fb04f203000 r--p 00199000 08:06 2003535                    /usr/lib/libc-2.20.so
7fb04f203000-7fb04f205000 rw-p 0019d000 08:06 2003535                    /usr/lib/libc-2.20.so
7fb04f205000-7fb04f209000 rw-p 00000000 00:00 0 
7fb04f209000-7fb04f20c000 r-xp 00000000 08:06 2001747                    /usr/lib/libdl-2.20.so
7fb04f20c000-7fb04f40b000 ---p 00003000 08:06 2001747                    /usr/lib/libdl-2.20.so
7fb04f40b000-7fb04f40c000 r--p 00002000 08:06 2001747                    /usr/lib/libdl-2.20.so
7fb04f40c000-7fb04f40d000 rw-p 00003000 08:06 2001747                    /usr/lib/libdl-2.20.so
7fb04f40d000-7fb04f41a000 r-xp 00000000 08:06 2009102                    /usr/lib/jvm/java-8-openjdk/jre/lib/amd64/jli/libjli.so
7fb04f41a000-7fb04f619000 ---p 0000d000 08:06 2009102                    /usr/lib/jvm/java-8-openjdk/jre/lib/amd64/jli/libjli.so
7fb04f619000-7fb04f61a000 rw-p 0000c000 08:06 2009102                    /usr/lib/jvm/java-8-openjdk/jre/lib/amd64/jli/libjli.so
7fb04f61a000-7fb04f62f000 r-xp 00000000 08:06 2002514                    /usr/lib/libz.so.1.2.8
7fb04f62f000-7fb04f82e000 ---p 00015000 08:06 2002514                    /usr/lib/libz.so.1.2.8
7fb04f82e000-7fb04f82f000 r--p 00014000 08:06 2002514                    /usr/lib/libz.so.1.2.8
7fb04f82f000-7fb04f830000 rw-p 00015000 08:06 2002514                    /usr/lib/libz.so.1.2.8
7fb04f830000-7fb04f847000 r-xp 00000000 08:06 2002485                    /usr/lib/libpthread-2.20.so
7fb04f847000-7fb04fa46000 ---p 00017000 08:06 2002485                    /usr/lib/libpthread-2.20.so
7fb04fa46000-7fb04fa47000 r--p 00016000 08:06 2002485                    /usr/lib/libpthread-2.20.so
7fb04fa47000-7fb04fa48000 rw-p 00017000 08:06 2002485                    /usr/lib/libpthread-2.20.so
7fb04fa48000-7fb04fa4c000 rw-p 00000000 00:00 0 
7fb04fa4c000-7fb04fa6e000 r-xp 00000000 08:06 2002124                    /usr/lib/ld-2.20.so
7fb04fa6e000-7fb04fa6f000 rw-p 00000000 00:00 0 
7fb04fa6f000-7fb04fa76000 r--s 00041000 08:06 131501                     /home/dell/jini_examples/lib/jsk-lib.jar
7fb04fa76000-7fb04fb1e000 rw-p 00000000 00:00 0 
7fb04fb1e000-7fb04fb21000 ---p 00000000 00:00 0 
7fb04fb21000-7fb04fc23000 rw-p 00000000 00:00 0                          [stack:14393]
7fb04fc23000-7fb04fc24000 r--s 00001000 08:06 271763                     /home/dell/Programs/lib/xmlpull-1.1.3.1.jar
7fb04fc24000-7fb04fc25000 r--s 00000000 08:06 131500                     /home/dell/jini_examples/lib/jsk-resources.jar
7fb04fc25000-7fb04fc27000 r--s 00006000 08:06 2021740                    /usr/lib/jvm/java-8-openjdk/jre/lib/ext/jsk-policy.jar
7fb04fc27000-7fb04fc62000 rw-p 00000000 00:00 0 
7fb04fc62000-7fb04fc6a000 rw-s 00000000 00:1d 168361                     /tmp/hsperfdata_dell/14392
7fb04fc6a000-7fb04fc6b000 rw-p 00000000 00:00 0 
7fb04fc6b000-7fb04fc6c000 ---p 00000000 00:00 0 
7fb04fc6c000-7fb04fc6d000 rw-p 00000000 00:00 0 
7fb04fc6d000-7fb04fc6e000 r--p 00021000 08:06 2002124                    /usr/lib/ld-2.20.so
7fb04fc6e000-7fb04fc6f000 rw-p 00022000 08:06 2002124                    /usr/lib/ld-2.20.so
7fb04fc6f000-7fb04fc70000 rw-p 00000000 00:00 0 
7fff9b32f000-7fff9b350000 rw-p 00000000 00:00 0                          [stack]
7fff9b3fc000-7fff9b3fe000 r--p 00000000 00:00 0                          [vvar]
7fff9b3fe000-7fff9b400000 r-xp 00000000 00:00 0                          [vdso]
ffffffffff600000-ffffffffff601000 r-xp 00000000 00:00 0                  [vsyscall]

VM Arguments:
jvm_args: -Djava.security.policy=../../../all_rmi_lib/jsk-all.policy 
java_command: cs/ds/jiniimpl/client/PatientClient
java_class_path (initial): .:/home/dell/opt/cross/bin:/usr/local/sbin:/usr/local/bin:/usr/bin:/opt/android-sdk/tools:/usr/lib/jvm/default/bin:/usr/bin/site_perl:/usr/bin/vendor_perl:/usr/bin/core_perl:/home/dell/bin:/home/dell/bin/commands:/home/dell/jini_examples/lib/jsk-lib.jar:/home/dell/jini_examples/lib/jsk-platform.jar:/home/dell/Programs/lib/xstream-1.4.7.jar:/home/dell/Programs/lib/xpp3_min-1.1.4c.jar:/home/dell/Programs/lib/xmlpull-1.1.3.1.jar
Launcher Type: SUN_STANDARD

Environment Variables:
CLASSPATH=.:/home/dell/opt/cross/bin:/usr/local/sbin:/usr/local/bin:/usr/bin:/opt/android-sdk/tools:/usr/lib/jvm/default/bin:/usr/bin/site_perl:/usr/bin/vendor_perl:/usr/bin/core_perl:/home/dell/bin:/home/dell/bin/commands:/home/dell/jini_examples/lib/jsk-lib.jar:/home/dell/jini_examples/lib/jsk-platform.jar:/home/dell/Programs/lib/xstream-1.4.7.jar:/home/dell/Programs/lib/xpp3_min-1.1.4c.jar:/home/dell/Programs/lib/xmlpull-1.1.3.1.jar
PATH=.:/home/dell/opt/cross/bin:/usr/local/sbin:/usr/local/bin:/usr/bin:/opt/android-sdk/tools:/usr/lib/jvm/default/bin:/usr/bin/site_perl:/usr/bin/vendor_perl:/usr/bin/core_perl:/home/dell/bin:/home/dell/bin/commands:/media/ENT/ENT/Application/Programs/idea-IC-135.1289/bin
SHELL=/bin/bash
DISPLAY=:0

Signal Handlers:
SIGSEGV: [libjvm.so+0xa4f940], sa_mask[0]=11111111011111111101111111111110, sa_flags=SA_RESTART|SA_SIGINFO
SIGBUS: [libjvm.so+0xa4f940], sa_mask[0]=11111111011111111101111111111110, sa_flags=SA_RESTART|SA_SIGINFO
SIGFPE: [libjvm.so+0x8a54e0], sa_mask[0]=11111111011111111101111111111110, sa_flags=SA_RESTART|SA_SIGINFO
SIGPIPE: [libjvm.so+0x8a54e0], sa_mask[0]=11111111011111111101111111111110, sa_flags=SA_RESTART|SA_SIGINFO
SIGXFSZ: [libjvm.so+0x8a54e0], sa_mask[0]=11111111011111111101111111111110, sa_flags=SA_RESTART|SA_SIGINFO
SIGILL: [libjvm.so+0x8a54e0], sa_mask[0]=11111111011111111101111111111110, sa_flags=SA_RESTART|SA_SIGINFO
SIGUSR1: SIG_DFL, sa_mask[0]=00000000000000000000000000000000, sa_flags=none
SIGUSR2: [libjvm.so+0x8a5390], sa_mask[0]=00000000000000000000000000000000, sa_flags=SA_RESTART|SA_SIGINFO
SIGHUP: [libjvm.so+0x8a55a0], sa_mask[0]=11111111011111111101111111111110, sa_flags=SA_RESTART|SA_SIGINFO
SIGINT: [libjvm.so+0x8a55a0], sa_mask[0]=11111111011111111101111111111110, sa_flags=SA_RESTART|SA_SIGINFO
SIGTERM: [libjvm.so+0x8a55a0], sa_mask[0]=11111111011111111101111111111110, sa_flags=SA_RESTART|SA_SIGINFO
SIGQUIT: [libjvm.so+0x8a55a0], sa_mask[0]=11111111011111111101111111111110, sa_flags=SA_RESTART|SA_SIGINFO


---------------  S Y S T E M  ---------------

OS:LSB_VERSION=1.4
DISTRIB_ID=Arch
DISTRIB_RELEASE=rolling
DISTRIB_DESCRIPTION="Arch Linux"

uname:Linux 3.17.2-1-ARCH #1 SMP PREEMPT Thu Oct 30 20:49:39 CET 2014 x86_64
libc:glibc 2.20 NPTL 2.20 
rlimit: STACK 8192k, CORE 0k, NPROC 15382, NOFILE 4096, AS infinity
load average:0.40 0.47 0.58

/proc/meminfo:
MemTotal:        3943260 kB
MemFree:          157684 kB
MemAvailable:     722668 kB
Buffers:          155548 kB
Cached:           733344 kB
SwapCached:        18192 kB
Active:          2256872 kB
Inactive:        1222552 kB
Active(anon):    1910664 kB
Inactive(anon):   878036 kB
Active(file):     346208 kB
Inactive(file):   344516 kB
Unevictable:          32 kB
Mlocked:              32 kB
SwapTotal:       3998716 kB
SwapFree:        3882136 kB
Dirty:               188 kB
Writeback:             0 kB
AnonPages:       2574552 kB
Mapped:           369860 kB
Shmem:            198340 kB
Slab:             130456 kB
SReclaimable:      86372 kB
SUnreclaim:        44084 kB
KernelStack:       13792 kB
PageTables:        56736 kB
NFS_Unstable:          0 kB
Bounce:                0 kB
WritebackTmp:          0 kB
CommitLimit:     5970344 kB
Committed_AS:    7669076 kB
VmallocTotal:   34359738367 kB
VmallocUsed:      382372 kB
VmallocChunk:   34359346168 kB
HardwareCorrupted:     0 kB
AnonHugePages:    495616 kB
HugePages_Total:       0
HugePages_Free:        0
HugePages_Rsvd:        0
HugePages_Surp:        0
Hugepagesize:       2048 kB
DirectMap4k:       84540 kB
DirectMap2M:     4001792 kB


CPU:total 4 (2 cores per cpu, 2 threads per core) family 6 model 42 stepping 7, cmov, cx8, fxsr, mmx, sse, sse2, sse3, ssse3, sse4.1, sse4.2, popcnt, avx, aes, clmul, ht, tsc, tscinvbit

/proc/cpuinfo:
processor	: 0
vendor_id	: GenuineIntel
cpu family	: 6
model		: 42
model name	: Intel(R) Core(TM) i5-2410M CPU @ 2.30GHz
stepping	: 7
microcode	: 0x23
cpu MHz		: 2735.562
cache size	: 3072 KB
physical id	: 0
siblings	: 4
core id		: 0
cpu cores	: 2
apicid		: 0
initial apicid	: 0
fpu		: yes
fpu_exception	: yes
cpuid level	: 13
wp		: yes
flags		: fpu vme de pse tsc msr pae mce cx8 apic sep mtrr pge mca cmov pat pse36 clflush dts acpi mmx fxsr sse sse2 ss ht tm pbe syscall nx rdtscp lm constant_tsc arch_perfmon pebs bts nopl xtopology nonstop_tsc aperfmperf eagerfpu pni pclmulqdq dtes64 monitor ds_cpl vmx est tm2 ssse3 cx16 xtpr pdcm pcid sse4_1 sse4_2 x2apic popcnt tsc_deadline_timer aes xsave avx lahf_lm ida arat epb pln pts dtherm tpr_shadow vnmi flexpriority ept vpid xsaveopt
bugs		:
bogomips	: 4586.12
clflush size	: 64
cache_alignment	: 64
address sizes	: 36 bits physical, 48 bits virtual
power management:

processor	: 1
vendor_id	: GenuineIntel
cpu family	: 6
model		: 42
model name	: Intel(R) Core(TM) i5-2410M CPU @ 2.30GHz
stepping	: 7
microcode	: 0x23
cpu MHz		: 2699.894
cache size	: 3072 KB
physical id	: 0
siblings	: 4
core id		: 0
cpu cores	: 2
apicid		: 1
initial apicid	: 1
fpu		: yes
fpu_exception	: yes
cpuid level	: 13
wp		: yes
flags		: fpu vme de pse tsc msr pae mce cx8 apic sep mtrr pge mca cmov pat pse36 clflush dts acpi mmx fxsr sse sse2 ss ht tm pbe syscall nx rdtscp lm constant_tsc arch_perfmon pebs bts nopl xtopology nonstop_tsc aperfmperf eagerfpu pni pclmulqdq dtes64 monitor ds_cpl vmx est tm2 ssse3 cx16 xtpr pdcm pcid sse4_1 sse4_2 x2apic popcnt tsc_deadline_timer aes xsave avx lahf_lm ida arat epb pln pts dtherm tpr_shadow vnmi flexpriority ept vpid xsaveopt
bugs		:
bogomips	: 4586.12
clflush size	: 64
cache_alignment	: 64
address sizes	: 36 bits physical, 48 bits virtual
power management:

processor	: 2
vendor_id	: GenuineIntel
cpu family	: 6
model		: 42
model name	: Intel(R) Core(TM) i5-2410M CPU @ 2.30GHz
stepping	: 7
microcode	: 0x23
cpu MHz		: 2699.984
cache size	: 3072 KB
physical id	: 0
siblings	: 4
core id		: 1
cpu cores	: 2
apicid		: 2
initial apicid	: 2
fpu		: yes
fpu_exception	: yes
cpuid level	: 13
wp		: yes
flags		: fpu vme de pse tsc msr pae mce cx8 apic sep mtrr pge mca cmov pat pse36 clflush dts acpi mmx fxsr sse sse2 ss ht tm pbe syscall nx rdtscp lm constant_tsc arch_perfmon pebs bts nopl xtopology nonstop_tsc aperfmperf eagerfpu pni pclmulqdq dtes64 monitor ds_cpl vmx est tm2 ssse3 cx16 xtpr pdcm pcid sse4_1 sse4_2 x2apic popcnt tsc_deadline_timer aes xsave avx lahf_lm ida arat epb pln pts dtherm tpr_shadow vnmi flexpriority ept vpid xsaveopt
bugs		:
bogomips	: 4586.12
clflush size	: 64
cache_alignment	: 64
address sizes	: 36 bits physical, 48 bits virtual
power management:

processor	: 3
vendor_id	: GenuineIntel
cpu family	: 6
model		: 42
model name	: Intel(R) Core(TM) i5-2410M CPU @ 2.30GHz
stepping	: 7
microcode	: 0x23
cpu MHz		: 2702.589
cache size	: 3072 KB
physical id	: 0
siblings	: 4
core id		: 1
cpu cores	: 2
apicid		: 3
initial apicid	: 3
fpu		: yes
fpu_exception	: yes
cpuid level	: 13
wp		: yes
flags		: fpu vme de pse tsc msr pae mce cx8 apic sep mtrr pge mca cmov pat pse36 clflush dts acpi mmx fxsr sse sse2 ss ht tm pbe syscall nx rdtscp lm constant_tsc arch_perfmon pebs bts nopl xtopology nonstop_tsc aperfmperf eagerfpu pni pclmulqdq dtes64 monitor ds_cpl vmx est tm2 ssse3 cx16 xtpr pdcm pcid sse4_1 sse4_2 x2apic popcnt tsc_deadline_timer aes xsave avx lahf_lm ida arat epb pln pts dtherm tpr_shadow vnmi flexpriority ept vpid xsaveopt
bugs		:
bogomips	: 4586.12
clflush size	: 64
cache_alignment	: 64
address sizes	: 36 bits physical, 48 bits virtual
power management:



Memory: 4k page, physical 3943260k(157684k free), swap 3998716k(3882136k free)

vm_info: OpenJDK 64-Bit Server VM (25.25-b02) for linux-amd64 JRE (1.8.0_25-b18), built on Oct 15 2014 09:15:43 by "nobody" with gcc 4.9.1 20140903 (prerelease)

time: Sun Nov 30 13:41:56 2014
elapsed time: 42 seconds (0d 0h 0m 42s)

